time="2020-08-04T10:10:53-05:00" level=debug msg="OpenShift Installer 4.5.1"
time="2020-08-04T10:10:53-05:00" level=debug msg="Built from commit b714ff8ee8845b86da2dafce8fa5630ef1806f3b"
time="2020-08-04T10:10:53-05:00" level=debug msg="Fetching Metadata..."
time="2020-08-04T10:10:53-05:00" level=debug msg="Loading Metadata..."
time="2020-08-04T10:10:53-05:00" level=debug msg="  Loading Cluster ID..."
time="2020-08-04T10:10:53-05:00" level=debug msg="    Loading Install Config..."
time="2020-08-04T10:10:53-05:00" level=debug msg="      Loading SSH Key..."
time="2020-08-04T10:10:53-05:00" level=debug msg="      Loading Base Domain..."
time="2020-08-04T10:10:53-05:00" level=debug msg="        Loading Platform..."
time="2020-08-04T10:10:53-05:00" level=debug msg="      Loading Cluster Name..."
time="2020-08-04T10:10:53-05:00" level=debug msg="        Loading Base Domain..."
time="2020-08-04T10:10:53-05:00" level=debug msg="        Loading Platform..."
time="2020-08-04T10:10:53-05:00" level=debug msg="      Loading Pull Secret..."
time="2020-08-04T10:10:53-05:00" level=debug msg="      Loading Platform..."
time="2020-08-04T10:10:53-05:00" level=debug msg="  Loading Install Config..."
time="2020-08-04T10:10:53-05:00" level=debug msg="  Fetching Cluster ID..."
time="2020-08-04T10:10:53-05:00" level=debug msg="    Fetching Install Config..."
time="2020-08-04T10:10:53-05:00" level=debug msg="      Fetching SSH Key..."
time="2020-08-04T10:10:53-05:00" level=debug msg="      Generating SSH Key..."
time="2020-08-04T10:10:54-05:00" level=fatal msg="failed to fetch Metadata: failed to fetch dependency of \"Metadata\": failed to fetch dependency of \"Cluster ID\": failed to fetch dependency of \"Install Config\": failed to generate asset \"SSH Key\": failed UserInput for SSH public key: interrupt"
time="2020-08-04T10:24:24-05:00" level=debug msg="OpenShift Installer 4.5.1"
time="2020-08-04T10:24:24-05:00" level=debug msg="Built from commit b714ff8ee8845b86da2dafce8fa5630ef1806f3b"
time="2020-08-04T10:24:24-05:00" level=fatal msg="open metadata.json: no such file or directory"
time="2020-08-04T12:12:12-05:00" level=debug msg="OpenShift Installer 4.5.1"
time="2020-08-04T12:12:12-05:00" level=debug msg="Built from commit b714ff8ee8845b86da2dafce8fa5630ef1806f3b"
time="2020-08-04T12:12:12-05:00" level=debug msg="Fetching Kubeconfig Admin Client..."
time="2020-08-04T12:12:12-05:00" level=debug msg="Loading Kubeconfig Admin Client..."
time="2020-08-04T12:12:12-05:00" level=debug msg="  Loading Certificate (admin-kubeconfig-client)..."
time="2020-08-04T12:12:12-05:00" level=debug msg="    Loading Certificate (admin-kubeconfig-signer)..."
time="2020-08-04T12:12:12-05:00" level=debug msg="  Loading Certificate (kube-apiserver-complete-server-ca-bundle)..."
time="2020-08-04T12:12:12-05:00" level=debug msg="    Loading Certificate (kube-apiserver-localhost-ca-bundle)..."
time="2020-08-04T12:12:12-05:00" level=debug msg="      Loading Certificate (kube-apiserver-localhost-signer)..."
time="2020-08-04T12:12:12-05:00" level=debug msg="    Loading Certificate (kube-apiserver-service-network-ca-bundle)..."
time="2020-08-04T12:12:12-05:00" level=debug msg="      Loading Certificate (kube-apiserver-service-network-signer)..."
time="2020-08-04T12:12:12-05:00" level=debug msg="    Loading Certificate (kube-apiserver-lb-ca-bundle)..."
time="2020-08-04T12:12:12-05:00" level=debug msg="      Loading Certificate (kube-apiserver-lb-signer)..."
time="2020-08-04T12:12:12-05:00" level=debug msg="  Loading Install Config..."
time="2020-08-04T12:12:12-05:00" level=debug msg="    Loading SSH Key..."
time="2020-08-04T12:12:12-05:00" level=debug msg="    Loading Base Domain..."
time="2020-08-04T12:12:12-05:00" level=debug msg="      Loading Platform..."
time="2020-08-04T12:12:12-05:00" level=debug msg="    Loading Cluster Name..."
time="2020-08-04T12:12:12-05:00" level=debug msg="      Loading Base Domain..."
time="2020-08-04T12:12:12-05:00" level=debug msg="      Loading Platform..."
time="2020-08-04T12:12:12-05:00" level=debug msg="    Loading Pull Secret..."
time="2020-08-04T12:12:12-05:00" level=debug msg="    Loading Platform..."
time="2020-08-04T12:12:12-05:00" level=debug msg="  Fetching Certificate (admin-kubeconfig-client)..."
time="2020-08-04T12:12:12-05:00" level=debug msg="    Fetching Certificate (admin-kubeconfig-signer)..."
time="2020-08-04T12:12:12-05:00" level=debug msg="    Generating Certificate (admin-kubeconfig-signer)..."
time="2020-08-04T12:12:12-05:00" level=debug msg="  Generating Certificate (admin-kubeconfig-client)..."
time="2020-08-04T12:12:12-05:00" level=debug msg="  Fetching Certificate (kube-apiserver-complete-server-ca-bundle)..."
time="2020-08-04T12:12:12-05:00" level=debug msg="    Fetching Certificate (kube-apiserver-localhost-ca-bundle)..."
time="2020-08-04T12:12:12-05:00" level=debug msg="      Fetching Certificate (kube-apiserver-localhost-signer)..."
time="2020-08-04T12:12:12-05:00" level=debug msg="      Generating Certificate (kube-apiserver-localhost-signer)..."
time="2020-08-04T12:12:12-05:00" level=debug msg="    Generating Certificate (kube-apiserver-localhost-ca-bundle)..."
time="2020-08-04T12:12:12-05:00" level=debug msg="    Fetching Certificate (kube-apiserver-service-network-ca-bundle)..."
time="2020-08-04T12:12:12-05:00" level=debug msg="      Fetching Certificate (kube-apiserver-service-network-signer)..."
time="2020-08-04T12:12:12-05:00" level=debug msg="      Generating Certificate (kube-apiserver-service-network-signer)..."
time="2020-08-04T12:12:12-05:00" level=debug msg="    Generating Certificate (kube-apiserver-service-network-ca-bundle)..."
time="2020-08-04T12:12:12-05:00" level=debug msg="    Fetching Certificate (kube-apiserver-lb-ca-bundle)..."
time="2020-08-04T12:12:12-05:00" level=debug msg="      Fetching Certificate (kube-apiserver-lb-signer)..."
time="2020-08-04T12:12:12-05:00" level=debug msg="      Generating Certificate (kube-apiserver-lb-signer)..."
time="2020-08-04T12:12:12-05:00" level=debug msg="    Generating Certificate (kube-apiserver-lb-ca-bundle)..."
time="2020-08-04T12:12:12-05:00" level=debug msg="  Generating Certificate (kube-apiserver-complete-server-ca-bundle)..."
time="2020-08-04T12:12:12-05:00" level=debug msg="  Fetching Install Config..."
time="2020-08-04T12:12:12-05:00" level=debug msg="    Fetching SSH Key..."
time="2020-08-04T12:12:12-05:00" level=debug msg="    Generating SSH Key..."
time="2020-08-04T12:12:34-05:00" level=fatal msg="failed to fetch Kubeconfig Admin Client: failed to fetch dependency of \"Kubeconfig Admin Client\": failed to fetch dependency of \"Install Config\": failed to generate asset \"SSH Key\": failed UserInput for SSH public key: interrupt"
